-------------------------------------------------------------------------------
Test set: TestSuite
-------------------------------------------------------------------------------
Tests run: 1, Failures: 1, Errors: 0, Skipped: 0, Time elapsed: 23.443 s <<< FAILURE! - in TestSuite
testOne(test.caseone.TestCaseOne)  Time elapsed: 19.77 s  <<< FAILURE!
java.lang.AssertionError: expected [130 934 ₽] but found [110 466 ₽]
	at test.caseone.TestCaseOne.testOne(TestCaseOne.java:19)

